<?xml version="1.0" encoding="UTF-8"?>
<robot generator="Robot 7.0.1 (Python 3.12.0 on win32)" generated="2024-08-10T17:34:06.943550" rpa="false" schemaversion="5">
<suite id="s1" name="Test" source="D:\python tutorial\RobotFramework\robotframework\Automation\test.robot">
<test id="s1-t1" name="Google" line="10">
<kw name="Open Browser" owner="SeleniumLibrary">
<msg time="2024-08-10T17:34:07.634455" level="INFO">Opening browser 'chrome' to base url 'https://www.google.com/'.</msg>
<arg>${url}</arg>
<arg>${browser}</arg>
<doc>Opens a new browser instance to the optional ``url``.</doc>
<status status="PASS" start="2024-08-10T17:34:07.634455" elapsed="6.322798"/>
</kw>
<kw name="Maximize Browser Window" owner="SeleniumLibrary">
<doc>Maximizes current browser window.</doc>
<status status="PASS" start="2024-08-10T17:34:13.958977" elapsed="0.087569"/>
</kw>
<kw name="Input Text" owner="SeleniumLibrary">
<msg time="2024-08-10T17:34:14.047605" level="INFO">Typing text 'Amazon' into text field 'xpath:/html[1]/body[1]/div[1]/div[3]/form[1]/div[1]/div[1]/div[1]/div[1]/div[2]/textarea[1]'.</msg>
<arg>xpath:/html[1]/body[1]/div[1]/div[3]/form[1]/div[1]/div[1]/div[1]/div[1]/div[2]/textarea[1]</arg>
<arg>Amazon</arg>
<doc>Types the given ``text`` into the text field identified by ``locator``.</doc>
<status status="PASS" start="2024-08-10T17:34:14.047605" elapsed="0.211077"/>
</kw>
<kw name="Click Button" owner="SeleniumLibrary">
<msg time="2024-08-10T17:34:14.259684" level="INFO">Clicking button 'xpath://div[@class='FPdoLc lJ9FBc']//input[@name='btnK']'.</msg>
<msg time="2024-08-10T17:34:15.745453" level="INFO" html="true">&lt;/td&gt;&lt;/tr&gt;&lt;tr&gt;&lt;td colspan="3"&gt;&lt;a href="selenium-screenshot-12.png"&gt;&lt;img src="selenium-screenshot-12.png" width="800px"&gt;&lt;/a&gt;</msg>
<msg time="2024-08-10T17:34:15.746451" level="FAIL">ElementClickInterceptedException: Message: element click intercepted: Element &lt;input class="gNO89b" value="Google Search" aria-label="Google Search" name="btnK" role="button" tabindex="0" type="submit" data-ved="0ahUKEwi_kZf2sOqHAxXOg68BHWYDGfkQ4dUDCBQ"&gt; is not clickable at point (682, 330). Other element would receive the click: &lt;div class="pcTkSc"&gt;...&lt;/div&gt;
  (Session info: chrome=127.0.6533.100)
Stacktrace:
	GetHandleVerifier [0x00007FF730AE9632+30946]
	(No symbol) [0x00007FF730A9E3C9]
	(No symbol) [0x00007FF730996FDA]
	(No symbol) [0x00007FF7309EFEEE]
	(No symbol) [0x00007FF7309ED962]
	(No symbol) [0x00007FF7309EAE7B]
	(No symbol) [0x00007FF7309EA095]
	(No symbol) [0x00007FF7309DC271]
	(No symbol) [0x00007FF730A0CA6A]
	(No symbol) [0x00007FF7309DBBB6]
	(No symbol) [0x00007FF730A0CC80]
	(No symbol) [0x00007FF730A2B041]
	(No symbol) [0x00007FF730A0C813]
	(No symbol) [0x00007FF7309DA6E5]
	(No symbol) [0x00007FF7309DB021]
	GetHandleVerifier [0x00007FF730C1F83D+1301229]
	GetHandleVerifier [0x00007FF730C2BDB7+1351783]
	GetHandleVerifier [0x00007FF730C22A03+1313971]
	GetHandleVerifier [0x00007FF730B1DD06+245686]
	(No symbol) [0x00007FF730AA758F]
	(No symbol) [0x00007FF730AA3804]
	(No symbol) [0x00007FF730AA3992]
	(No symbol) [0x00007FF730A9A3EF]
	BaseThreadInitThunk [0x00007FFEC1EA257D+29]
	RtlUserThreadStart [0x00007FFEC2B4AF28+40]
</msg>
<arg>xpath://div[@class='FPdoLc lJ9FBc']//input[@name='btnK']</arg>
<doc>Clicks the button identified by ``locator``.</doc>
<status status="FAIL" start="2024-08-10T17:34:14.258682" elapsed="1.492756">ElementClickInterceptedException: Message: element click intercepted: Element &lt;input class="gNO89b" value="Google Search" aria-label="Google Search" name="btnK" role="button" tabindex="0" type="submit" data-ved="0ahUKEwi_kZf2sOqHAxXOg68BHWYDGfkQ4dUDCBQ"&gt; is not clickable at point (682, 330). Other element would receive the click: &lt;div class="pcTkSc"&gt;...&lt;/div&gt;
  (Session info: chrome=127.0.6533.100)
Stacktrace:
	GetHandleVerifier [0x00007FF730AE9632+30946]
	(No symbol) [0x00007FF730A9E3C9]
	(No symbol) [0x00007FF730996FDA]
	(No symbol) [0x00007FF7309EFEEE]
	(No symbol) [0x00007FF7309ED962]
	(No symbol) [0x00007FF7309EAE7B]
	(No symbol) [0x00007FF7309EA095]
	(No symbol) [0x00007FF7309DC271]
	(No symbol) [0x00007FF730A0CA6A]
	(No symbol) [0x00007FF7309DBBB6]
	(No symbol) [0x00007FF730A0CC80]
	(No symbol) [0x00007FF730A2B041]
	(No symbol) [0x00007FF730A0C813]
	(No symbol) [0x00007FF7309DA6E5]
	(No symbol) [0x00007FF7309DB021]
	GetHandleVerifier [0x00007FF730C1F83D+1301229]
	GetHandleVerifier [0x00007FF730C2BDB7+1351783]
	GetHandleVerifier [0x00007FF730C22A03+1313971]
	GetHandleVerifier [0x00007FF730B1DD06+245686]
	(No symbol) [0x00007FF730AA758F]
	(No symbol) [0x00007FF730AA3804]
	(No symbol) [0x00007FF730AA3992]
	(No symbol) [0x00007FF730A9A3EF]
	BaseThreadInitThunk [0x00007FFEC1EA257D+29]
	RtlUserThreadStart [0x00007FFEC2B4AF28+40]
</status>
</kw>
<kw name="Sleep" owner="BuiltIn">
<arg>10</arg>
<doc>Pauses the test executed for the given time.</doc>
<status status="NOT RUN" start="2024-08-10T17:34:15.752436" elapsed="0.000000"/>
</kw>
<kw name="Close Browser" owner="SeleniumLibrary">
<doc>Closes the current browser.</doc>
<status status="NOT RUN" start="2024-08-10T17:34:15.753433" elapsed="0.000000"/>
</kw>
<status status="FAIL" start="2024-08-10T17:34:07.631905" elapsed="8.121528">ElementClickInterceptedException: Message: element click intercepted: Element &lt;input class="gNO89b" value="Google Search" aria-label="Google Search" name="btnK" role="button" tabindex="0" type="submit" data-ved="0ahUKEwi_kZf2sOqHAxXOg68BHWYDGfkQ4dUDCBQ"&gt; is not clickable at point (682, 330). Other element would receive the click: &lt;div class="pcTkSc"&gt;...&lt;/div&gt;
  (Session info: chrome=127.0.6533.100)
Stacktrace:
	GetHandleVerifier [0x00007FF730AE9632+30946]
	(No symbol) [0x00007FF730A9E3C9]
	(No symbol) [0x00007FF730996FDA]
	(No symbol) [0x00007FF7309EFEEE]
	(No symbol) [0x00007FF7309ED962]
	(No symbol) [0x00007FF7309EAE7B]
	(No symbol) [0x00007FF7309EA095]
	(No symbol) [0x00007FF7309DC271]
	(No symbol) [0x00007FF730A0CA6A]
	(No symbol) [0x00007FF7309DBBB6]
	(No symbol) [0x00007FF730A0CC80]
	(No symbol) [0x00007FF730A2B041]
	(No symbol) [0x00007FF730A0C813]
	(No symbol) [0x00007FF7309DA6E5]
	(No symbol) [0x00007FF7309DB021]
	GetHandleVerifier [0x00007FF730C1F83D+1301229]
	GetHandleVerifier [0x00007FF730C2BDB7+1351783]
	GetHandleVerifier [0x00007FF730C22A03+1313971]
	GetHandleVerifier [0x00007FF730B1DD06+245686]
	(No symbol) [0x00007FF730AA758F]
	(No symbol) [0x00007FF730AA3804]
	(No symbol) [0x00007FF730AA3992]
	(No symbol) [0x00007FF730A9A3EF]
	BaseThreadInitThunk [0x00007FFEC1EA257D+29]
	RtlUserThreadStart [0x00007FFEC2B4AF28+40]
</status>
</test>
<status status="FAIL" start="2024-08-10T17:34:06.948774" elapsed="8.808648"/>
</suite>
<statistics>
<total>
<stat pass="0" fail="1" skip="0">All Tests</stat>
</total>
<tag>
</tag>
<suite>
<stat pass="0" fail="1" skip="0" id="s1" name="Test">Test</stat>
</suite>
</statistics>
<errors>
</errors>
</robot>
